-----------------------------------
Running CMake Project Generation
Wed 12/11/2024 17:28:01.26
-----------------------------------
CMake Warning (dev) at CMakeLists.txt:6 (set):
  implicitly converting 'TYPE' to 'STRING' type.
This warning is for project developers.  Use -Wno-dev to suppress it.

-- Running vcpkg install
Detecting compiler hash for triplet x64-windows...
Compiler found: C:/Program Files/Microsoft Visual Studio/2022/Professional/VC/Tools/MSVC/14.42.34433/bin/Hostx64/x64/cl.exe
All requested packages are currently installed.
Total install time: 200 ns
curl is compatible with built-in CMake targets:

    find_package(CURL REQUIRED)
    target_link_libraries(main PRIVATE CURL::libcurl)

glfw3 provides CMake targets:

  # this is heuristically generated, and may not be correct
  find_package(glfw3 CONFIG REQUIRED)
  target_link_libraries(main PRIVATE glfw)

glfw3 provides pkg-config modules:

  # A multi-platform library for OpenGL, window and input
  glfw3

The package glm provides CMake targets:

    find_package(glm CONFIG REQUIRED)
    target_link_libraries(main PRIVATE glm::glm)

    # Or use the header-only version
    find_package(glm CONFIG REQUIRED)
    target_link_libraries(main PRIVATE glm::glm-header-only)

imgui provides CMake targets:

  # this is heuristically generated, and may not be correct
  find_package(imgui CONFIG REQUIRED)
  target_link_libraries(main PRIVATE imgui::imgui)

imguizmo provides CMake targets:

  # this is heuristically generated, and may not be correct
  find_package(imguizmo CONFIG REQUIRED)
  target_link_libraries(main PRIVATE imguizmo::imguizmo)

portable-file-dialogs is header-only and can be used from CMake via:

  find_path(PORTABLE_FILE_DIALOGS_INCLUDE_DIRS "portable-file-dialogs.h")
  target_include_directories(main PRIVATE ${PORTABLE_FILE_DIALOGS_INCLUDE_DIRS})

The package spdlog provides CMake targets:

    find_package(spdlog CONFIG REQUIRED)
    target_link_libraries(main PRIVATE spdlog::spdlog)

    # Or use the header-only version
    find_package(spdlog CONFIG REQUIRED)
    target_link_libraries(main PRIVATE spdlog::spdlog_header_only)

The package stb provides CMake targets:

    find_package(Stb REQUIRED)
    target_include_directories(main PRIVATE ${Stb_INCLUDE_DIR})
-- Running vcpkg install - done
-- Selecting Windows SDK version 10.0.26100.0 to target Windows 10.0.19045.
-- Configuring done (3.0s)
-- Generating done (0.1s)
-- Build files have been written to: G:/ART_REPO-TRAY/X-Plane 12/Scenery-Editor-X/build
