g:\art_repo-tray\x-plane 12\scenery editor x\out\debug-int\vc143.pdb
g:\art_repo-tray\x-plane 12\scenery editor x\out\debug-int\vc143.idb
g:\art_repo-tray\x-plane 12\scenery editor x\out\debug-int\vbo.obj
g:\art_repo-tray\x-plane 12\scenery editor x\out\debug-int\vao.obj
g:\art_repo-tray\x-plane 12\scenery editor x\out\debug-int\texture.obj
g:\art_repo-tray\x-plane 12\scenery editor x\out\debug-int\stb.obj
g:\art_repo-tray\x-plane 12\scenery editor x\out\debug-int\main.obj
g:\art_repo-tray\x-plane 12\scenery editor x\out\debug-int\shader.obj
g:\art_repo-tray\x-plane 12\scenery editor x\out\debug-int\ebo.obj
g:\art_repo-tray\x-plane 12\scenery editor x\out\debug-int\glad.obj
g:\art_repo-tray\x-plane 12\scenery editor x\out\debug\3d-editor.exe
g:\art_repo-tray\x-plane 12\scenery editor x\out\debug\3d-editor.pdb
g:\art_repo-tray\x-plane 12\scenery editor x\out\debug-int\3d-editor.ilk
g:\art_repo-tray\x-plane 12\scenery editor x\out\debug-int\3d-editor.vcxproj.filelistabsolute.txt
g:\art_repo-tray\x-plane 12\scenery editor x\out\debug-int\3d-editor.tlog\cl.command.1.tlog
g:\art_repo-tray\x-plane 12\scenery editor x\out\debug-int\3d-editor.tlog\cl.items.tlog
g:\art_repo-tray\x-plane 12\scenery editor x\out\debug-int\3d-editor.tlog\cl.read.1.tlog
g:\art_repo-tray\x-plane 12\scenery editor x\out\debug-int\3d-editor.tlog\cl.write.1.tlog
g:\art_repo-tray\x-plane 12\scenery editor x\out\debug-int\3d-editor.tlog\link.command.1.tlog
g:\art_repo-tray\x-plane 12\scenery editor x\out\debug-int\3d-editor.tlog\link.read.1.tlog
g:\art_repo-tray\x-plane 12\scenery editor x\out\debug-int\3d-editor.tlog\link.secondary.1.tlog
g:\art_repo-tray\x-plane 12\scenery editor x\out\debug-int\3d-editor.tlog\link.write.1.tlog
