C:\Program Files\Microsoft Visual Studio\2022\Professional\MSBuild\Microsoft\VC\v170\Microsoft.CppBuild.targets(517,5): warning MSB8004: Output Directory does not end with a trailing slash.  This build instance will add the slash as it is required to allow proper evaluation of the Output Directory.
  imgui.cpp
  imgui_demo.cpp
  imgui_draw.cpp
  imgui_impl_glfw.cpp
  imgui_impl_opengl3.cpp
  imgui_impl_vulkan.cpp
G:\ART_REPO-TRAY\X-Plane 12\Scenery Editor X\3d-editor\src\imgui\imgui_impl_opengl3.cpp(169,10): error C1083: Cannot open include file: 'imgui_impl_opengl3_loader.h': No such file or directory
G:\ART_REPO-TRAY\X-Plane 12\Scenery Editor X\3d-editor\src\imgui\imgui_impl_vulkan.h(60,10): error C1083: Cannot open include file: 'vulkan/vulkan.h': No such file or directory
  (compiling source file 'src/imgui/imgui_impl_vulkan.cpp')
  
  imgui_tables.cpp
  imgui_widgets.cpp
  model.cpp
  Mesh.cpp
G:\ART_REPO-TRAY\X-Plane 12\Scenery Editor X\3d-editor\src\Mesh.cpp(26,12): error C2511: 'void Mesh::Draw(Shader &,Camera &)': overloaded member function not found in 'Mesh'
      G:\ART_REPO-TRAY\X-Plane 12\Scenery Editor X\3d-editor\src\Mesh.h(11,7):
      see declaration of 'Mesh'
  
G:\ART_REPO-TRAY\X-Plane 12\Scenery Editor X\3d-editor\src\Mesh.cpp(39,22): error C2597: illegal reference to non-static member 'Mesh::textures'
      G:\ART_REPO-TRAY\X-Plane 12\Scenery Editor X\3d-editor\src\Mesh.cpp(39,22):
      see declaration of 'Mesh::textures'
  
G:\ART_REPO-TRAY\X-Plane 12\Scenery Editor X\3d-editor\src\Mesh.cpp(39,22): error C3867: 'Mesh::textures': non-standard syntax; use '&' to create a pointer to member
G:\ART_REPO-TRAY\X-Plane 12\Scenery Editor X\3d-editor\src\Mesh.cpp(39,22): error C2568: '[': unable to resolve function overload
G:\ART_REPO-TRAY\X-Plane 12\Scenery Editor X\3d-editor\src\Mesh.cpp(48,3): error C2597: illegal reference to non-static member 'Mesh::textures'
      G:\ART_REPO-TRAY\X-Plane 12\Scenery Editor X\3d-editor\src\Mesh.cpp(48,3):
      see declaration of 'Mesh::textures'
  
G:\ART_REPO-TRAY\X-Plane 12\Scenery Editor X\3d-editor\src\Mesh.cpp(48,3): error C3867: 'Mesh::textures': non-standard syntax; use '&' to create a pointer to member
G:\ART_REPO-TRAY\X-Plane 12\Scenery Editor X\3d-editor\src\Mesh.cpp(48,3): error C2568: '[': unable to resolve function overload
G:\ART_REPO-TRAY\X-Plane 12\Scenery Editor X\3d-editor\src\Mesh.cpp(49,3): error C2597: illegal reference to non-static member 'Mesh::textures'
      G:\ART_REPO-TRAY\X-Plane 12\Scenery Editor X\3d-editor\src\Mesh.cpp(49,3):
      see declaration of 'Mesh::textures'
  
G:\ART_REPO-TRAY\X-Plane 12\Scenery Editor X\3d-editor\src\Mesh.cpp(49,3): error C3867: 'Mesh::textures': non-standard syntax; use '&' to create a pointer to member
G:\ART_REPO-TRAY\X-Plane 12\Scenery Editor X\3d-editor\src\Mesh.cpp(49,3): error C2568: '[': unable to resolve function overload
G:\ART_REPO-TRAY\X-Plane 12\Scenery Editor X\3d-editor\src\Mesh.cpp(56,2): error C2198: 'PFNGLDRAWELEMENTSPROC': too few arguments for call
  camera.cpp
  main.cpp
  Generating Code...
